# JRE version: OpenJDK Runtime Environment (11.0.8+10) (build 11.0.8+10-b944.6842174)
# Java VM: OpenJDK 64-Bit Server VM (11.0.8+10-b944.6842174, mixed mode, tiered, compressed oops, g1 gc, windows-amd64)
Heap:
 garbage-first heap   total 187392K, used 116486K [0x0000000080000000, 0x0000000100000000)
  region size 1024K, 8 young (8192K), 6 survivors (6144K)
 Metaspace       used 106143K, capacity 108387K, committed 109024K, reserved 1150976K
  class space    used 13102K, capacity 13879K, committed 14132K, reserved 1048576K
GC Heap History (20 events):
Event: 4007.892 GC heap before
{Heap before GC invocations=26 (full 0):
 garbage-first heap   total 187392K, used 138738K [0x0000000080000000, 0x0000000100000000)
  region size 1024K, 49 young (50176K), 2 survivors (2048K)
 Metaspace       used 103041K, capacity 105619K, committed 105952K, reserved 1140736K
  class space    used 12884K, capacity 13774K, committed 13876K, reserved 1048576K
}
Event: 4007.897 GC heap after
{Heap after GC invocations=27 (full 0):
 garbage-first heap   total 187392K, used 90709K [0x0000000080000000, 0x0000000100000000)
  region size 1024K, 3 young (3072K), 3 survivors (3072K)
 Metaspace       used 103041K, capacity 105619K, committed 105952K, reserved 1140736K
  class space    used 12884K, capacity 13774K, committed 13876K, reserved 1048576K
}
Event: 5490.520 GC heap before
{Heap before GC invocations=28 (full 0):
 garbage-first heap   total 187392K, used 140885K [0x0000000080000000, 0x0000000100000000)
  region size 1024K, 52 young (53248K), 3 survivors (3072K)
 Metaspace       used 102670K, capacity 104959K, committed 105952K, reserved 1140736K
  class space    used 12762K, capacity 13539K, committed 13876K, reserved 1048576K
}
Event: 5490.540 GC heap after
{Heap after GC invocations=29 (full 0):
 garbage-first heap   total 187392K, used 92212K [0x0000000080000000, 0x0000000100000000)
  region size 1024K, 4 young (4096K), 4 survivors (4096K)
 Metaspace       used 102670K, capacity 104959K, committed 105952K, reserved 1140736K
  class space    used 12762K, capacity 13539K, committed 13876K, reserved 1048576K
}
Event: 5490.784 GC heap before
{Heap before GC invocations=29 (full 0):
 garbage-first heap   total 187392K, used 97332K [0x0000000080000000, 0x0000000100000000)
  region size 1024K, 9 young (9216K), 4 survivors (4096K)
 Metaspace       used 102858K, capacity 105130K, committed 105952K, reserved 1140736K
  class space    used 12789K, capacity 13582K, committed 13876K, reserved 1048576K
}
Event: 5490.831 GC heap after
{Heap after GC invocations=30 (full 0):
 garbage-first heap   total 187392K, used 88438K [0x0000000080000000, 0x0000000100000000)
  region size 1024K, 2 young (2048K), 2 survivors (2048K)
 Metaspace       used 102858K, capacity 105130K, committed 105952K, reserved 1140736K
  class space    used 12789K, capacity 13582K, committed 13876K, reserved 1048576K
}
Event: 5493.659 GC heap before
{Heap before GC invocations=30 (full 0):
 garbage-first heap   total 187392K, used 140662K [0x0000000080000000, 0x0000000100000000)
  region size 1024K, 54 young (55296K), 2 survivors (2048K)
 Metaspace       used 104093K, capacity 106467K, committed 107104K, reserved 1142784K
  class space    used 12937K, capacity 13766K, committed 14004K, reserved 1048576K
}
Event: 5493.686 GC heap after
{Heap after GC invocations=31 (full 0):
 garbage-first heap   total 187392K, used 93639K [0x0000000080000000, 0x0000000100000000)
  region size 1024K, 7 young (7168K), 7 survivors (7168K)
 Metaspace       used 104093K, capacity 106467K, committed 107104K, reserved 1142784K
  class space    used 12937K, capacity 13766K, committed 14004K, reserved 1048576K
}
Event: 5497.439 GC heap before
{Heap before GC invocations=32 (full 0):
 garbage-first heap   total 187392K, used 143815K [0x0000000080000000, 0x0000000100000000)
  region size 1024K, 57 young (58368K), 7 survivors (7168K)
 Metaspace       used 104477K, capacity 106883K, committed 107360K, reserved 1142784K
  class space    used 12949K, capacity 13785K, committed 14004K, reserved 1048576K
}
Event: 5497.458 GC heap after
{Heap after GC invocations=33 (full 0):
 garbage-first heap   total 187392K, used 97980K [0x0000000080000000, 0x0000000100000000)
  region size 1024K, 5 young (5120K), 5 survivors (5120K)
 Metaspace       used 104477K, capacity 106883K, committed 107360K, reserved 1142784K
  class space    used 12949K, capacity 13785K, committed 14004K, reserved 1048576K
}
Event: 5497.508 GC heap before
{Heap before GC invocations=33 (full 0):
 garbage-first heap   total 187392K, used 101052K [0x0000000080000000, 0x0000000100000000)
  region size 1024K, 9 young (9216K), 5 survivors (5120K)
 Metaspace       used 104479K, capacity 106883K, committed 107360K, reserved 1142784K
  class space    used 12949K, capacity 13785K, committed 14004K, reserved 1048576K
}
Event: 5497.541 GC heap after
{Heap after GC invocations=34 (full 0):
 garbage-first heap   total 187392K, used 88201K [0x0000000080000000, 0x0000000100000000)
  region size 1024K, 1 young (1024K), 1 survivors (1024K)
 Metaspace       used 104479K, capacity 106883K, committed 107360K, reserved 1142784K
  class space    used 12949K, capacity 13785K, committed 14004K, reserved 1048576K
}
Event: 5498.082 GC heap before
{Heap before GC invocations=34 (full 0):
 garbage-first heap   total 187392K, used 113801K [0x0000000080000000, 0x0000000100000000)
  region size 1024K, 28 young (28672K), 1 survivors (1024K)
 Metaspace       used 104742K, capacity 107153K, committed 107616K, reserved 1142784K
  class space    used 12993K, capacity 13789K, committed 14004K, reserved 1048576K
}
Event: 5498.088 GC heap after
{Heap after GC invocations=35 (full 0):
 garbage-first heap   total 187392K, used 88422K [0x0000000080000000, 0x0000000100000000)
  region size 1024K, 2 young (2048K), 2 survivors (2048K)
 Metaspace       used 104742K, capacity 107153K, committed 107616K, reserved 1142784K
  class space    used 12993K, capacity 13789K, committed 14004K, reserved 1048576K
}
Event: 5503.181 GC heap before
{Heap before GC invocations=36 (full 0):
 garbage-first heap   total 187392K, used 144742K [0x0000000080000000, 0x0000000100000000)
  region size 1024K, 56 young (57344K), 2 survivors (2048K)
 Metaspace       used 105765K, capacity 108027K, committed 108768K, reserved 1144832K
  class space    used 13069K, capacity 13871K, committed 14132K, reserved 1048576K
}
Event: 5503.238 GC heap after
{Heap after GC invocations=37 (full 0):
 garbage-first heap   total 187392K, used 104448K [0x0000000080000000, 0x0000000100000000)
  region size 1024K, 7 young (7168K), 7 survivors (7168K)
 Metaspace       used 105765K, capacity 108027K, committed 108768K, reserved 1144832K
  class space    used 13069K, capacity 13871K, committed 14132K, reserved 1048576K
}
Event: 5503.299 GC heap before
{Heap before GC invocations=37 (full 0):
 garbage-first heap   total 187392K, used 106496K [0x0000000080000000, 0x0000000100000000)
  region size 1024K, 9 young (9216K), 7 survivors (7168K)
 Metaspace       used 105765K, capacity 108027K, committed 108768K, reserved 1144832K
  class space    used 13069K, capacity 13871K, committed 14132K, reserved 1048576K
}
Event: 5503.345 GC heap after
{Heap after GC invocations=38 (full 0):
 garbage-first heap   total 187392K, used 101376K [0x0000000080000000, 0x0000000100000000)
  region size 1024K, 1 young (1024K), 1 survivors (1024K)
 Metaspace       used 105765K, capacity 108027K, committed 108768K, reserved 1144832K
  class space    used 13069K, capacity 13871K, committed 14132K, reserved 1048576K
}
Event: 5503.660 GC heap before
{Heap before GC invocations=38 (full 0):
 garbage-first heap   total 187392K, used 113664K [0x0000000080000000, 0x0000000100000000)
  region size 1024K, 14 young (14336K), 1 survivors (1024K)
 Metaspace       used 105792K, capacity 108092K, committed 108768K, reserved 1144832K
  class space    used 13069K, capacity 13871K, committed 14132K, reserved 1048576K
}
Event: 5503.668 GC heap after
{Heap after GC invocations=39 (full 0):
 garbage-first heap   total 187392K, used 103739K [0x0000000080000000, 0x0000000100000000)
  region size 1024K, 4 young (4096K), 4 survivors (4096K)
 Metaspace       used 105792K, capacity 108092K, committed 108768K, reserved 1144832K
  class space    used 13069K, capacity 13871K, committed 14132K, reserved 1048576K
}

